0
121
241
360
480
599
719
838
958
1077
1197
1316
1436
1555
1675
1794
1914
2033
2153
2262
2357
2451
2546
2640
2735
2829
2924
3019
3113
3208
3302
3397
3491
3586
3680
3775
3870
4020
4162
4305
4447
4589
4732
4874
5017
5159
5301
5444
5586
5729
5871
6068
6159
6250
6342
6433
6524
6616
6707
6798
6890
6981
7072
7163
7255
7346
7437
7529
7620
7711
7803
7894
7985
8076
8168
8259
8350
8442
8533
8624
8716
8807
8990
9083
9176
9269
9362
9455
9548
9641
9734
9827
9959
10049
10140
10230
10320
10411
10501
10591
10682
10772
10862
11049
11150
11251
11352
11452
11553
11654
11755
11856
12295
12660
12901
13008
13115
13222
13330
13437
13544
13651
13759
13866
13973
14080
14187
14295
14402
14509
14616
14724
14831
14938
15138
15326
15514
15702
15890
16078
16266
16454
16642
16830
17018
17206
17552
17802
18051
18301
18551
18800
19050
19300
19549
19799
20117
20295
20473
20652
20830
21008
21187
21365
21543
21722
21900
22078
22257
22435
22613
22792
22970
23148
23327
23505
23683
23862
24040
24218
24397
24575
24753
24931
25203
25431
25658
25886
26114
26341
26569
26797
27024
27181
27316
27451
27586
27720
27855
27990
28125
28259
28394
28529
28664
28798
28933
29068
29203
29337
29472
29607
29742
29876
30281
30669
31057
31445
31833
32175
32423
32671
32919
33167
33415
33663
33911
34159
34407
34656
34904
35152
35400
35648
35896
36109
36291
36473
36655
36837
37020
37202
37384
37566
37748
37930
38113
38295
38477
38659
38841
39296
39654
40012
40370
40729
41118
41265
41411
41558
41704
41851
41998
42144
42291
42437
42584
42731
42877
43024
43170
43317
43464
43610
43757
43903
44050
44197
44343
44490
44636
44783
44930
45076
45223
45369
45516
45662
45809
45956
46102
46249
46395
46542
46689
46835
47160
47378
47595
47813
48030
48248
48465
48683
48900
49118
49335
49553
49770
50012
50157
50301
50446
50590
50735
50880
51024
51169
51313
51458
51603
51747
51892
52036
52181
52326
52470
52615
52759
52904
53211
53378
53545
53713
53880
54047
54214
54382
54549
54716
54884
55051
55218
55385
55553
55720
55887
56147
56298
56449
56601
56752
56903
57055
57206
57357
57509
57660
57811
58170
58385
58600
58814
59029
59244
59459
59673
59888
60103
60318
60532
60747
61134
61344
61555
61765
61976
62186
62397
62607
62818
63093
63256
63420
63583
63747
63910
64074
64237
64401
64564
64728
64891
65150
65340
65530
65720
65910
66100
66290
66480
66670
66860
67050
67362
67531
67701
67870
68040
68209
68379
68548
68718
68887
69057
69226
69396
69565
69734
69904
70073
70243
70412
70582
70751
71056
71236
71417
71597
71777
71958
72138
72318
72499
72679
72859
73116
73325
73533
73742
73950
74159
74368
74576
74785
75108
75263
75418
75573
75728
75882
76037
76192
76347
76502
76657
76811
76966
77121
77276
77431
77586
77740
77895
78050
78205
78360
78515
78669
78824
78979
79253
79526
79800
80073
80346
80620
80893
81046
81184
81322
81460
81598
81736
81875
82013
82151
82289
82427
82565
82704
82842
82980
83118
83256
83394
83532
83671
83809
83947
84085
84223
84361
84500
84638
84776
84914
85379
85804
86229
86654
87181
87457
87732
88008
88283
88559
88834
89110
89385
89661
89936
90212
90487
90763
91038
91314
91589
91865
92114
92356
92598
92839
93081
93323
93565
93806
94048
94290
94532
94773
95015
95257
95498
95740
95982
96428
96751
97074
97397
97720
98108
98323
98538
98753
98968
99183
99398
99613
99828
100043
100258
100473
100688
100903
101894
102839
103140
103301
103462
103623
103784
103945
104106
104267
104428
104589
104750
104911
105072
105233
105394
105556
105717
105878
106039
106200
106361
106522
106683
106844
107005
107166
107327
107488
107649
107810
107971
108133
108294
108455
108616
108777
108938
109108
109256
109403
109551
109698
109846
109993
110316
110639
111168
111397
111627
111856
112085
112315
112544
112773
113003
113232
113462
113691
113920
114436
114879
115322
115765
116358
116569
116780
116990
117201
117412
117622
117833
118044
118254
118465
118676
118886
119234
119496
119759
120021
120284
120546
120809
121120
121273
121425
121578
121730
121883
122036
122188
122341
122493
122646
122798
122951
123104
123256
123409
123561
123714
123867
124019
124172
124324
124477
124629
124782
124935
125087
125240
125392
125545
125698
125850
126217
126450
126683
126916
127149
127382
127616
127849
128082
128315
128548
128781
129214
129427
129641
129854
130068
130281
130495
130708
130922
131135
131348
131562
131775
131989
132202
132416
132629
132843
133183
133350
133516
133683
133850
134016
134183
134349
134516
134683
134849
135016
135182
135349
135516
135682
135849
136015
136182
136349
136515
136682
136848
137015
137182
137348
137515
137681
137848
138015
138181
138348
138514
138681
138848
139014
139181
139347
139514
139681
139847
140014
140180
140347
140514
140680
140847
141199
141485
141772
142058
142345
142631
142918
143204
143491
143777
144063
144350
144636
144923
145209
145496
145782
146110
146316
146521
146727
146932
147138
147344
147549
147755
147960
148166
148372
148577
148783
148988
149194
149400
149605
149811
150016
150222
150428
150633
150839
151044
151250
151456
151661
151867
152200
152425
152651
152876
153101
153327
153552
153778
154003
154228
154454
154679
154905
155130
155355
155581
155806
156269
156532
156795
157058
157321
157585
157848
158111
158374
158637
158901
159164
159427
159690
159953
160217
160480
160743
161006
161269
161533
161796
162134
162297
162460
162624
162787
162950
163114
163277
163440
163604
163767
163930
164094
164257
164420
164584
164747
164910
165152
165323
165495
165666
165838
166009
166181
166352
166524
166695
166867
167038
167210
167381
167553
167724
167896
168154
168349
168545
168740
168935
169131
169326
169522
169717
169912
170108
170303
170499
170694
170889
171085
171280
171476
171671
171866
172062
172257
172453
172648
172843
173039
173234
173430
173625
173820
174016
174211
174407
174602
174797
174993
175188
175383
175579
175774
176252
176563
176875
177186
177498
177809
178192
178418
178644
178870
179096
179322
179548
179774
180000
180226
180452
180678
180904
181130
181356
181582
181808
182066
182207
182348
182489
182630
182771
182912
183053
183194
183335
183475
183616
183757
183898
184193
184472
184751
185030
185310
185589
185868
186122
186300
186477
186655
186833
187010
187188
187366
187543
187721
187898
188076
188254
188431
188609
188787
188964
189142
189320
189497
189675
189852
190030
190208
190385
190563
190741
190918
191169
191326
191483
191640
191797
191954
192111
192268
192426
192583
192740
192897
193054
193211
193368
193525
193683
193840
194062
194217
194372
194527
194682
194837
194991
195146
195301
195456
195611
195766
195920
196075
196230
196385
196540
196695
196850
197004
197159
197314
197469
197624
197779
197933
198088
198243
198398
198553
198708
198862
199017
199172
199327
199482
199637
199792
199946
200101
200256
200411
200566
200721
200875
201147
201305
201464
201622
201780
201939
202097
202255
202414
202572
202730
202889
203337
203667
203997
204327
204657
205098
205267
205436
205605
205774
205943
206112
206281
206450
206620
206789
206958
207127
207296
207465
207634
207803
207972
208142
208311
208480
208649
208818
209172
209454
209736
210018
210301
210583
210865
211147
211429
211712
211994
212276
212558
212840
213051
213210
213368
213527
213685
213844
214002
214161
214319
214478
214636
214795
214953
215112
215270
215429
215588
215746
215905
216063
216222
216380
216539
216697
216856
217204
217513
217821
218130
218438
218747
219099
219255
219411
219568
219724
219880
220037
220193
220349
220506
220662
220818
220975
221131
221287
221444
221600
221756
221913
222135
222343
222550
222758
222966
223173
223381
223588
223796
224004
224211
224419
224627
224834
225042
225249
225457
225665
225872
226160
226336
226512
226688
226863
227039
227215
227391
227567
227742
227918
228115
228249
228384
228518
228653
228787
228922
229056
229191
229325
229460
229594
229729
229863
229998
230132
230267
230401
230536
230670
230805
230939
231074
231208
231343
231477
231612
231746
231881
232015
232150
232284
232419
232553
232688
232822
232957
233091
233226
233360
233495
233629
233764
233898
234032
234167
234301
234436
234570
234705
234839
234974
235108
235243
235377
235512
235646
235781
235915
236050
236184
236319
236453
236588
236722
236857
237089
237243
237397
237551
237705
237859
238014
238168
238322
238476
238630
238784
238939
239093
239247
239401
239555
239709
239864
240018
240172
240326
240480
240634
240789
240943
241097
241251
241405
241559
241713
241868
242022
242176
242330
242484
242638
242793
242947
243101
243255
243409
243563
243718
243872
244026
244180
244334
244488
244643
244797
244951
245105
245259
245413
245568
245722
245876
246030
246184
246338
246492
246647
246801
246955
247109
247263
247417
247572
247726
247880
248034
248188
248342
248497
248651
248805
248959
249113
249267
249422
249576
249730
249884
250038
250192
250347
250501
250655
250809
250963
251117
251271
251426
251580
251734
251888
252042
252196
252351
252505
252659
252813
252967
253121
253276
253430
253584
253738
253892
254046
254201
254355
254509
254663
254817
254971
255126
255280
255434
255588
255742
255896
256050
256205
256359
256513
256667
256821
256975
257130
257284
257438
257592
257746
257900
258055
258209
258363
258517
258671
258825
258980
259134
259288
259442
259596
259750
259905
260059
260213
260367
260521
260675
260829
260984
261138
261292
261446
261600
261754
261909
262063
262217
262371
262525
262679
262834
262988
263142
263296
263450
263604
263759
263913
264067
264221
264375
264529
264684
264838
264992
265146
265300
265454
265608
265763
265917
266071
266225
266379
266533
266688
266842
266996
267150
267304
267458
267613
267767
267921
268075
268229
268383
268538
268692
268846
269000
269154
269308
269462
269617
269771
269925
270079
270233
270387
270542
270696
270850
271004
271158
271312
271467
271621
271775
271929
272083
272237
272392
272546
272700
272854
273008
273162
273317
273471
273625
273779
273933
274094
274243
274393
274542
274692
274841
274990
275140
275289
275439
275588
275738
275887
276036
276186
276335
276485
276634
276783
276933
277082
277232
277381
277531
277680
277829
277979
278128
278278
278427
278577
278726
278875
279025
279174
279324
279473
279622
279772
279921
280071
280220
280370
280519
280668
280818
280967
281117
281266
281415
281565
281714
281864
282013
282163
282312
282461
282611
282760
282910
283059
283209
283358
283507
283657
283806
283956
284105
284254
284404
284553
284703
284852
285002
285151
285300
285450
285599
285749
285898
286048
286197
286346
286496
286645
286795
286944
287093
287243
287392
287542
287691
287841
287990
288139
288289
288438
288588
288737
288886
289036
289185
289335
289484
289634
289783
290082
290243
290404
290565
290726
290887
291048
291209
291370
291531
291692
291853
292014
292175
292336
292497
292658
292819
292980
293141
293302
293463
293624
293785
293946
294107
294268
294429
294590
294751
294912
295073
295234
295395
295556
295717
295878
296039
296200
296361
296522
296683
296844
297005
297166
297328
297489
297650
297811
297972
298133
298294
298455
298616
298777
298938
299099
299260
299421
299582
299743
299904
300065
300226
300387
300548
300709
300870
301031
301192
301353
301514
301675
301836
301997
302158
302319
302480
302641
302802
